<?xml version="1.0" encoding="UTF-8"?>
<!-- Generated by org.testng.reporters.JUnitReportReporter -->
<testsuite skipped="0" hostname="Jayashree-PC" name="bl.framework.testcases.CreateLead" tests="1" failures="0" timestamp="09 Feb 2019 06:33:06 GMT" time="27.779" errors="0">
  <testcase name="login" time="27.779" classname="bl.framework.testcases.CreateLead"/>
</testsuite> <!-- bl.framework.testcases.CreateLead -->
